{"/Users/riyabansal/Desktop/eCommerceProject/configs/db.config.js": {"path":"/Users/riyabansal/Desktop/eCommerceProject/configs/db.config.js","statementMap":{"0":{"start":{"line":2,"column":0},"end":{"line":8,"column":1}}},"fnMap":{},"branchMap":{},"s":{"0":1},"f":{},"b":{},"_coverageSchema":"1a1c01bbd47fc00a2c39e90264f33305004495a9","hash":"dcc03efa3bfe2f7283e0c5ae5bb752957603d3c0"}
,"/Users/riyabansal/Desktop/eCommerceProject/controllers/category.controller.js": {"path":"/Users/riyabansal/Desktop/eCommerceProject/controllers/category.controller.js","statementMap":{"0":{"start":{"line":3,"column":11},"end":{"line":3,"column":31}},"1":{"start":{"line":5,"column":17},"end":{"line":5,"column":28}},"2":{"start":{"line":8,"column":0},"end":{"line":24,"column":1}},"3":{"start":{"line":10,"column":19},"end":{"line":13,"column":5}},"4":{"start":{"line":15,"column":4},"end":{"line":23,"column":6}},"5":{"start":{"line":17,"column":7},"end":{"line":17,"column":74}},"6":{"start":{"line":18,"column":7},"end":{"line":18,"column":37}},"7":{"start":{"line":21,"column":8},"end":{"line":21,"column":54}},"8":{"start":{"line":22,"column":8},"end":{"line":22,"column":60}},"9":{"start":{"line":27,"column":0},"end":{"line":37,"column":1}},"10":{"start":{"line":29,"column":4},"end":{"line":36,"column":6}},"11":{"start":{"line":31,"column":8},"end":{"line":31,"column":70}},"12":{"start":{"line":32,"column":8},"end":{"line":32,"column":34}},"13":{"start":{"line":35,"column":8},"end":{"line":35,"column":80}},"14":{"start":{"line":39,"column":0},"end":{"line":54,"column":1}},"15":{"start":{"line":41,"column":23},"end":{"line":41,"column":36}},"16":{"start":{"line":42,"column":4},"end":{"line":53,"column":6}},"17":{"start":{"line":45,"column":8},"end":{"line":47,"column":9}},"18":{"start":{"line":46,"column":12},"end":{"line":46,"column":73}},"19":{"start":{"line":49,"column":8},"end":{"line":49,"column":38}},"20":{"start":{"line":52,"column":8},"end":{"line":52,"column":92}},"21":{"start":{"line":56,"column":0},"end":{"line":70,"column":1}},"22":{"start":{"line":58,"column":23},"end":{"line":58,"column":36}},"23":{"start":{"line":59,"column":4},"end":{"line":69,"column":6}},"24":{"start":{"line":65,"column":8},"end":{"line":65,"column":65}},"25":{"start":{"line":68,"column":8},"end":{"line":68,"column":90}},"26":{"start":{"line":72,"column":0},"end":{"line":92,"column":1}},"27":{"start":{"line":74,"column":23},"end":{"line":74,"column":36}},"28":{"start":{"line":76,"column":4},"end":{"line":90,"column":6}},"29":{"start":{"line":82,"column":8},"end":{"line":86,"column":9}},"30":{"start":{"line":83,"column":9},"end":{"line":83,"column":40}},"31":{"start":{"line":85,"column":12},"end":{"line":85,"column":40}},"32":{"start":{"line":89,"column":8},"end":{"line":89,"column":78}}},"fnMap":{"0":{"name":"(anonymous_0)","decl":{"start":{"line":8,"column":17},"end":{"line":8,"column":18}},"loc":{"start":{"line":8,"column":31},"end":{"line":24,"column":1}},"line":8},"1":{"name":"(anonymous_1)","decl":{"start":{"line":16,"column":10},"end":{"line":16,"column":11}},"loc":{"start":{"line":16,"column":22},"end":{"line":19,"column":5}},"line":16},"2":{"name":"(anonymous_2)","decl":{"start":{"line":20,"column":11},"end":{"line":20,"column":12}},"loc":{"start":{"line":20,"column":18},"end":{"line":23,"column":5}},"line":20},"3":{"name":"(anonymous_3)","decl":{"start":{"line":27,"column":18},"end":{"line":27,"column":19}},"loc":{"start":{"line":27,"column":32},"end":{"line":37,"column":1}},"line":27},"4":{"name":"(anonymous_4)","decl":{"start":{"line":30,"column":10},"end":{"line":30,"column":11}},"loc":{"start":{"line":30,"column":18},"end":{"line":33,"column":5}},"line":30},"5":{"name":"(anonymous_5)","decl":{"start":{"line":34,"column":11},"end":{"line":34,"column":12}},"loc":{"start":{"line":34,"column":18},"end":{"line":36,"column":5}},"line":34},"6":{"name":"(anonymous_6)","decl":{"start":{"line":39,"column":18},"end":{"line":39,"column":19}},"loc":{"start":{"line":39,"column":32},"end":{"line":54,"column":1}},"line":39},"7":{"name":"(anonymous_7)","decl":{"start":{"line":43,"column":10},"end":{"line":43,"column":11}},"loc":{"start":{"line":43,"column":22},"end":{"line":50,"column":5}},"line":43},"8":{"name":"(anonymous_8)","decl":{"start":{"line":51,"column":11},"end":{"line":51,"column":12}},"loc":{"start":{"line":51,"column":18},"end":{"line":53,"column":5}},"line":51},"9":{"name":"(anonymous_9)","decl":{"start":{"line":56,"column":17},"end":{"line":56,"column":18}},"loc":{"start":{"line":56,"column":31},"end":{"line":70,"column":1}},"line":56},"10":{"name":"(anonymous_10)","decl":{"start":{"line":64,"column":10},"end":{"line":64,"column":11}},"loc":{"start":{"line":64,"column":20},"end":{"line":66,"column":5}},"line":64},"11":{"name":"(anonymous_11)","decl":{"start":{"line":67,"column":11},"end":{"line":67,"column":12}},"loc":{"start":{"line":67,"column":18},"end":{"line":69,"column":5}},"line":67},"12":{"name":"(anonymous_12)","decl":{"start":{"line":72,"column":17},"end":{"line":72,"column":18}},"loc":{"start":{"line":72,"column":31},"end":{"line":92,"column":1}},"line":72},"13":{"name":"(anonymous_13)","decl":{"start":{"line":81,"column":10},"end":{"line":81,"column":11}},"loc":{"start":{"line":81,"column":17},"end":{"line":87,"column":5}},"line":81},"14":{"name":"(anonymous_14)","decl":{"start":{"line":88,"column":11},"end":{"line":88,"column":12}},"loc":{"start":{"line":88,"column":18},"end":{"line":90,"column":5}},"line":88}},"branchMap":{"0":{"loc":{"start":{"line":45,"column":8},"end":{"line":47,"column":9}},"type":"if","locations":[{"start":{"line":45,"column":8},"end":{"line":47,"column":9}},{"start":{},"end":{}}],"line":45},"1":{"loc":{"start":{"line":82,"column":8},"end":{"line":86,"column":9}},"type":"if","locations":[{"start":{"line":82,"column":8},"end":{"line":86,"column":9}},{"start":{"line":84,"column":13},"end":{"line":86,"column":9}}],"line":82}},"s":{"0":1,"1":1,"2":1,"3":2,"4":2,"5":1,"6":1,"7":1,"8":1,"9":1,"10":0,"11":0,"12":0,"13":0,"14":1,"15":0,"16":0,"17":0,"18":0,"19":0,"20":0,"21":1,"22":0,"23":0,"24":0,"25":0,"26":1,"27":0,"28":0,"29":0,"30":0,"31":0,"32":0},"f":{"0":2,"1":1,"2":1,"3":0,"4":0,"5":0,"6":0,"7":0,"8":0,"9":0,"10":0,"11":0,"12":0,"13":0,"14":0},"b":{"0":[0,0],"1":[0,0]},"_coverageSchema":"1a1c01bbd47fc00a2c39e90264f33305004495a9","hash":"385217542656374cf01591314d88ee5f3ad5ab8f"}
,"/Users/riyabansal/Desktop/eCommerceProject/models/cart.model.js": {"path":"/Users/riyabansal/Desktop/eCommerceProject/models/cart.model.js","statementMap":{"0":{"start":{"line":2,"column":0},"end":{"line":16,"column":1}},"1":{"start":{"line":4,"column":17},"end":{"line":13,"column":6}},"2":{"start":{"line":15,"column":4},"end":{"line":15,"column":16}}},"fnMap":{"0":{"name":"(anonymous_0)","decl":{"start":{"line":2,"column":17},"end":{"line":2,"column":18}},"loc":{"start":{"line":2,"column":43},"end":{"line":16,"column":1}},"line":2}},"branchMap":{},"s":{"0":1,"1":1,"2":1},"f":{"0":1},"b":{},"_coverageSchema":"1a1c01bbd47fc00a2c39e90264f33305004495a9","hash":"18c03cbe6dda20b4af93b96728dfdc2f88d34b6e"}
,"/Users/riyabansal/Desktop/eCommerceProject/models/category.model.js": {"path":"/Users/riyabansal/Desktop/eCommerceProject/models/category.model.js","statementMap":{"0":{"start":{"line":3,"column":0},"end":{"line":18,"column":1}},"1":{"start":{"line":5,"column":19},"end":{"line":15,"column":6}},"2":{"start":{"line":17,"column":4},"end":{"line":17,"column":20}}},"fnMap":{"0":{"name":"(anonymous_0)","decl":{"start":{"line":3,"column":17},"end":{"line":3,"column":18}},"loc":{"start":{"line":3,"column":43},"end":{"line":18,"column":1}},"line":3}},"branchMap":{},"s":{"0":1,"1":1,"2":1},"f":{"0":1},"b":{},"_coverageSchema":"1a1c01bbd47fc00a2c39e90264f33305004495a9","hash":"5c0057391a215b78c7987f0fc49d44c67deb2e3d"}
,"/Users/riyabansal/Desktop/eCommerceProject/models/index.js": {"path":"/Users/riyabansal/Desktop/eCommerceProject/models/index.js","statementMap":{"0":{"start":{"line":2,"column":15},"end":{"line":2,"column":46}},"1":{"start":{"line":3,"column":18},"end":{"line":3,"column":38}},"2":{"start":{"line":5,"column":12},"end":{"line":13,"column":1}},"3":{"start":{"line":15,"column":11},"end":{"line":15,"column":13}},"4":{"start":{"line":17,"column":0},"end":{"line":17,"column":25}},"5":{"start":{"line":18,"column":0},"end":{"line":18,"column":18}},"6":{"start":{"line":19,"column":0},"end":{"line":19,"column":61}},"7":{"start":{"line":20,"column":0},"end":{"line":20,"column":61}},"8":{"start":{"line":21,"column":0},"end":{"line":21,"column":69}},"9":{"start":{"line":22,"column":0},"end":{"line":22,"column":67}},"10":{"start":{"line":23,"column":0},"end":{"line":23,"column":61}},"11":{"start":{"line":29,"column":0},"end":{"line":32,"column":2}},"12":{"start":{"line":36,"column":0},"end":{"line":39,"column":2}},"13":{"start":{"line":42,"column":0},"end":{"line":45,"column":2}},"14":{"start":{"line":47,"column":0},"end":{"line":50,"column":2}},"15":{"start":{"line":52,"column":0},"end":{"line":52,"column":24}},"16":{"start":{"line":54,"column":0},"end":{"line":54,"column":31}},"17":{"start":{"line":55,"column":0},"end":{"line":55,"column":19}}},"fnMap":{},"branchMap":{},"s":{"0":1,"1":1,"2":1,"3":1,"4":1,"5":1,"6":1,"7":1,"8":1,"9":1,"10":1,"11":1,"12":1,"13":1,"14":1,"15":1,"16":1,"17":1},"f":{},"b":{},"_coverageSchema":"1a1c01bbd47fc00a2c39e90264f33305004495a9","hash":"95711ff94b6b14ba3f0198ee01122b9cccd445ee"}
,"/Users/riyabansal/Desktop/eCommerceProject/models/product.model.js": {"path":"/Users/riyabansal/Desktop/eCommerceProject/models/product.model.js","statementMap":{"0":{"start":{"line":4,"column":0},"end":{"line":23,"column":1}},"1":{"start":{"line":6,"column":18},"end":{"line":20,"column":6}},"2":{"start":{"line":22,"column":4},"end":{"line":22,"column":19}}},"fnMap":{"0":{"name":"(anonymous_0)","decl":{"start":{"line":4,"column":17},"end":{"line":4,"column":18}},"loc":{"start":{"line":4,"column":43},"end":{"line":23,"column":1}},"line":4}},"branchMap":{},"s":{"0":1,"1":1,"2":1},"f":{"0":1},"b":{},"_coverageSchema":"1a1c01bbd47fc00a2c39e90264f33305004495a9","hash":"cf8fe1a5bd8b118cb2113ef2d2022d79eee46ce5"}
,"/Users/riyabansal/Desktop/eCommerceProject/models/role.model.js": {"path":"/Users/riyabansal/Desktop/eCommerceProject/models/role.model.js","statementMap":{"0":{"start":{"line":4,"column":0},"end":{"line":17,"column":1}},"1":{"start":{"line":6,"column":17},"end":{"line":14,"column":6}},"2":{"start":{"line":16,"column":4},"end":{"line":16,"column":16}}},"fnMap":{"0":{"name":"(anonymous_0)","decl":{"start":{"line":4,"column":17},"end":{"line":4,"column":18}},"loc":{"start":{"line":4,"column":43},"end":{"line":17,"column":1}},"line":4}},"branchMap":{},"s":{"0":1,"1":1,"2":1},"f":{"0":1},"b":{},"_coverageSchema":"1a1c01bbd47fc00a2c39e90264f33305004495a9","hash":"7bb3c586dea7740cb93f6601bd8a7a1a9c7fa882"}
,"/Users/riyabansal/Desktop/eCommerceProject/models/user.model.js": {"path":"/Users/riyabansal/Desktop/eCommerceProject/models/user.model.js","statementMap":{"0":{"start":{"line":3,"column":0},"end":{"line":18,"column":1}},"1":{"start":{"line":5,"column":17},"end":{"line":15,"column":6}},"2":{"start":{"line":17,"column":4},"end":{"line":17,"column":16}}},"fnMap":{"0":{"name":"(anonymous_0)","decl":{"start":{"line":3,"column":17},"end":{"line":3,"column":18}},"loc":{"start":{"line":3,"column":43},"end":{"line":18,"column":1}},"line":3}},"branchMap":{},"s":{"0":1,"1":1,"2":1},"f":{"0":1},"b":{},"_coverageSchema":"1a1c01bbd47fc00a2c39e90264f33305004495a9","hash":"8d6f1f08ff720cd79be53b5cb96b1f8a20a1303a"}
,"/Users/riyabansal/Desktop/eCommerceProject/tests/sample.js": {"path":"/Users/riyabansal/Desktop/eCommerceProject/tests/sample.js","statementMap":{"0":{"start":{"line":3,"column":23},"end":{"line":13,"column":1}},"1":{"start":{"line":5,"column":8},"end":{"line":5,"column":21}},"2":{"start":{"line":8,"column":8},"end":{"line":8,"column":21}},"3":{"start":{"line":11,"column":8},"end":{"line":11,"column":21}},"4":{"start":{"line":15,"column":0},"end":{"line":15,"column":31}}},"fnMap":{"0":{"name":"(anonymous_0)","decl":{"start":{"line":4,"column":9},"end":{"line":4,"column":10}},"loc":{"start":{"line":4,"column":24},"end":{"line":6,"column":5}},"line":4},"1":{"name":"(anonymous_1)","decl":{"start":{"line":7,"column":10},"end":{"line":7,"column":11}},"loc":{"start":{"line":7,"column":25},"end":{"line":9,"column":5}},"line":7},"2":{"name":"(anonymous_2)","decl":{"start":{"line":10,"column":13},"end":{"line":10,"column":14}},"loc":{"start":{"line":10,"column":28},"end":{"line":12,"column":5}},"line":10}},"branchMap":{},"s":{"0":1,"1":6,"2":6,"3":3,"4":1},"f":{"0":6,"1":6,"2":3},"b":{},"_coverageSchema":"1a1c01bbd47fc00a2c39e90264f33305004495a9","hash":"15c2ba18a16cce5a53433d58b25174d8c4182d73"}
,"/Users/riyabansal/Desktop/eCommerceProject/tests/unit/interceptor.js": {"path":"/Users/riyabansal/Desktop/eCommerceProject/tests/unit/interceptor.js","statementMap":{"0":{"start":{"line":7,"column":0},"end":{"line":22,"column":1}},"1":{"start":{"line":10,"column":20},"end":{"line":10,"column":22}},"2":{"start":{"line":11,"column":8},"end":{"line":12,"column":51}},"3":{"start":{"line":13,"column":8},"end":{"line":13,"column":18}},"4":{"start":{"line":17,"column":20},"end":{"line":17,"column":22}},"5":{"start":{"line":18,"column":8},"end":{"line":19,"column":49}},"6":{"start":{"line":20,"column":8},"end":{"line":20,"column":19}}},"fnMap":{"0":{"name":"(anonymous_0)","decl":{"start":{"line":9,"column":17},"end":{"line":9,"column":18}},"loc":{"start":{"line":9,"column":23},"end":{"line":14,"column":5}},"line":9},"1":{"name":"(anonymous_1)","decl":{"start":{"line":16,"column":18},"end":{"line":16,"column":19}},"loc":{"start":{"line":16,"column":24},"end":{"line":21,"column":5}},"line":16}},"branchMap":{},"s":{"0":1,"1":2,"2":2,"3":2,"4":2,"5":2,"6":2},"f":{"0":2,"1":2},"b":{},"_coverageSchema":"1a1c01bbd47fc00a2c39e90264f33305004495a9","hash":"2349f122ecd5524023b36a035abe97e1d43e3f05"}
}
